2026-07-15T18:53:39Z INF Thank you for trying Cloudflare Tunnel. Doing so, without a Cloudflare account, is a quick way to experiment and try it out. However, be aware that these account-less Tunnels have no uptime guarantee, are subject to the Cloudflare Online Services Terms of Use (https://www.cloudflare.com/website-terms/), and Cloudflare reserves the right to investigate your use of Tunnels for violations of such terms. If you intend to use Tunnels in production you should use a pre-created named tunnel by following: https://developers.cloudflare.com/cloudflare-one/connections/connect-apps
2026-07-15T18:53:39Z INF Requesting new quick Tunnel on trycloudflare.com...
2026-07-15T18:53:44Z INF +--------------------------------------------------------------------------------------------+
2026-07-15T18:53:44Z INF |  Your quick Tunnel has been created! Visit it at (it may take some time to be reachable):  |
2026-07-15T18:53:44Z INF |  https://preserve-managed-recognition-pregnant.trycloudflare.com                           |
2026-07-15T18:53:44Z INF +--------------------------------------------------------------------------------------------+
2026-07-15T18:53:44Z INF Cannot determine default configuration path. No file [config.yml config.yaml] in [~/.cloudflared ~/.cloudflare-warp ~/cloudflare-warp /etc/cloudflared /usr/local/etc/cloudflared]
2026-07-15T18:53:44Z INF Version 2026.7.2 (Checksum a5afb0ba3da859da47bebc9a918d5b196bf7e4aec23589419b46356731bcc75f)
2026-07-15T18:53:44Z INF GOOS: darwin, GOVersion: go1.26.2, GoArch: amd64
2026-07-15T18:53:44Z INF Settings: map[ha-connections:1 protocol:quic url:http://localhost:5050]
2026-07-15T18:53:44Z INF Autoupdate frequency is set autoupdateFreq=86400000
2026-07-15T18:53:44Z INF Generated Connector ID: 31435eea-dec3-4c83-8e78-03320a8fd1a4
2026-07-15T18:53:44Z INF Initial protocol quic
2026-07-15T18:53:44Z INF ICMP proxy will use 192.168.1.27 as source for IPv4
2026-07-15T18:53:44Z INF ICMP proxy will use fe80::8d5:f30:7c44:15ed in zone en0 as source for IPv6
2026-07-15T18:53:44Z INF Created ICMP proxy listening on 192.168.1.27:0
2026-07-15T18:53:44Z INF ICMP proxy will use 192.168.1.27 as source for IPv4
2026-07-15T18:53:44Z INF ICMP proxy will use fe80::8d5:f30:7c44:15ed in zone en0 as source for IPv6
2026-07-15T18:53:44Z INF Starting metrics server on 127.0.0.1:20241/metrics
2026-07-15T18:53:44Z INF Tunnel connection curve preferences: [X25519MLKEM768 CurveID(65074) CurveP256] connIndex=0 event=0 ip=2606:4700:a0::8
2026-07-15T18:53:44Z INF +-------------------------------------------------------------------------------------+
2026-07-15T18:53:44Z INF |                               CONNECTIVITY PRE-CHECKS                               |
2026-07-15T18:53:44Z INF +-------------------------------------------------------------------------------------+
2026-07-15T18:53:44Z INF |  COMPONENT         TARGET                     STATUS  DETAILS                       |
2026-07-15T18:53:44Z INF |  DNS Resolution    region1.v2.argotunnel.com  PASS    DNS Resolved successfully     |
2026-07-15T18:53:44Z INF |  DNS Resolution    region2.v2.argotunnel.com  PASS    DNS Resolved successfully     |
2026-07-15T18:53:44Z INF |  UDP Connectivity  region1.v2.argotunnel.com  PASS    QUIC connection successful    |
2026-07-15T18:53:44Z INF |  UDP Connectivity  region2.v2.argotunnel.com  PASS    QUIC connection successful    |
2026-07-15T18:53:44Z INF |  TCP Connectivity  region1.v2.argotunnel.com  PASS    HTTP/2 connection successful  |
2026-07-15T18:53:44Z INF |  TCP Connectivity  region2.v2.argotunnel.com  PASS    HTTP/2 connection successful  |
2026-07-15T18:53:44Z INF |  Cloudflare API    api.cloudflare.com:443     PASS    API is reachable              |
2026-07-15T18:53:44Z INF |                                                                                     |
2026-07-15T18:53:44Z INF |  SUMMARY: Environment is healthy. cloudflared will use 'quic' as primary protocol.  |
2026-07-15T18:53:44Z INF +-------------------------------------------------------------------------------------+
2026-07-15T18:53:44Z INF precheck component="DNS Resolution" details="DNS Resolved successfully" run_id=577da6d9-d16e-4aa5-8f9b-b2efa10ade9c status=pass target=region1.v2.argotunnel.com
2026-07-15T18:53:44Z INF precheck component="DNS Resolution" details="DNS Resolved successfully" run_id=577da6d9-d16e-4aa5-8f9b-b2efa10ade9c status=pass target=region2.v2.argotunnel.com
2026-07-15T18:53:44Z INF precheck component="UDP Connectivity" details="QUIC connection successful" run_id=577da6d9-d16e-4aa5-8f9b-b2efa10ade9c status=pass target=region1.v2.argotunnel.com
2026-07-15T18:53:44Z INF precheck component="UDP Connectivity" details="QUIC connection successful" run_id=577da6d9-d16e-4aa5-8f9b-b2efa10ade9c status=pass target=region2.v2.argotunnel.com
2026-07-15T18:53:44Z INF precheck component="TCP Connectivity" details="HTTP/2 connection successful" run_id=577da6d9-d16e-4aa5-8f9b-b2efa10ade9c status=pass target=region1.v2.argotunnel.com
2026-07-15T18:53:44Z INF precheck component="TCP Connectivity" details="HTTP/2 connection successful" run_id=577da6d9-d16e-4aa5-8f9b-b2efa10ade9c status=pass target=region2.v2.argotunnel.com
2026-07-15T18:53:44Z INF precheck component="Cloudflare API" details="API is reachable" run_id=577da6d9-d16e-4aa5-8f9b-b2efa10ade9c status=pass target=api.cloudflare.com:443
2026-07-15T18:53:44Z INF precheck complete hard_fail=false run_id=577da6d9-d16e-4aa5-8f9b-b2efa10ade9c suggested_protocol=quic
2026-07-15T18:53:44Z INF Registered tunnel connection connIndex=0 connection=2d7499d2-b44c-47f0-94f1-2e272ee186d3 event=0 ip=2606:4700:a0::8 location=cdg15 protocol=quic
